2022-05-18 19:05:758 INFO  HomePage :69 - Sending keywords : Tester to [[ChromeDriver: chrome on WINDOWS (586bdd0163fb61526970a038f127f491)] -> xpath: //input[@id='keywords']]
2022-05-18 19:05:837 INFO  HomePage :74 - Sending Location : Harrow to [[ChromeDriver: chrome on WINDOWS (586bdd0163fb61526970a038f127f491)] -> xpath: //input[@id='location']]
2022-05-18 19:05:928 INFO  HomePage :79 - Selecting distance : 5 from [[ChromeDriver: chrome on WINDOWS (586bdd0163fb61526970a038f127f491)] -> xpath: //select[@id='distance']]
2022-05-18 19:05:235 INFO  HomePage :84 - Clicking on More options : [[ChromeDriver: chrome on WINDOWS (586bdd0163fb61526970a038f127f491)] -> xpath: //button[@id='toggle-hp-search']]
2022-05-18 19:05:442 INFO  HomePage :89 - Sending Min Salary : 30000 to [[ChromeDriver: chrome on WINDOWS (586bdd0163fb61526970a038f127f491)] -> xpath: //input[@id='salarymin']]
2022-05-18 19:05:536 INFO  HomePage :94 - Sending Max Salary : 500000 to [[ChromeDriver: chrome on WINDOWS (586bdd0163fb61526970a038f127f491)] -> xpath: //input[@id='salarymax']]
2022-05-18 19:05:584 INFO  HomePage :99 - Selecting Salary Types : annum from [[ChromeDriver: chrome on WINDOWS (586bdd0163fb61526970a038f127f491)] -> xpath: //select[@id='salarytype']]
2022-05-18 19:05:652 INFO  HomePage :104 - Selecting Job Types : Permanent to [[ChromeDriver: chrome on WINDOWS (586bdd0163fb61526970a038f127f491)] -> xpath: //select[@id='tempperm']]
2022-05-18 19:05:730 INFO  HomePage :109 - Sending ENTER key : [[ChromeDriver: chrome on WINDOWS (586bdd0163fb61526970a038f127f491)] -> xpath: //input[@id='hp-search-btn']]
2022-05-18 19:05:19 INFO  HomePage :69 - Sending keywords : Manager to [[ChromeDriver: chrome on WINDOWS (6a9cd6decd91848f881632179235b237)] -> xpath: //input[@id='keywords']]
2022-05-18 19:05:87 INFO  HomePage :74 - Sending Location : London to [[ChromeDriver: chrome on WINDOWS (6a9cd6decd91848f881632179235b237)] -> xpath: //input[@id='location']]
2022-05-18 19:05:173 INFO  HomePage :79 - Selecting distance : 7 from [[ChromeDriver: chrome on WINDOWS (6a9cd6decd91848f881632179235b237)] -> xpath: //select[@id='distance']]
2022-05-18 19:05:240 INFO  HomePage :84 - Clicking on More options : [[ChromeDriver: chrome on WINDOWS (6a9cd6decd91848f881632179235b237)] -> xpath: //button[@id='toggle-hp-search']]
2022-05-18 19:05:451 INFO  HomePage :89 - Sending Min Salary : 3500 to [[ChromeDriver: chrome on WINDOWS (6a9cd6decd91848f881632179235b237)] -> xpath: //input[@id='salarymin']]
2022-05-18 19:05:523 INFO  HomePage :94 - Sending Max Salary : 5000 to [[ChromeDriver: chrome on WINDOWS (6a9cd6decd91848f881632179235b237)] -> xpath: //input[@id='salarymax']]
2022-05-18 19:05:603 INFO  HomePage :99 - Selecting Salary Types : month from [[ChromeDriver: chrome on WINDOWS (6a9cd6decd91848f881632179235b237)] -> xpath: //select[@id='salarytype']]
2022-05-18 19:05:678 INFO  HomePage :104 - Selecting Job Types : Contract to [[ChromeDriver: chrome on WINDOWS (6a9cd6decd91848f881632179235b237)] -> xpath: //select[@id='tempperm']]
2022-05-18 19:05:756 INFO  HomePage :109 - Sending ENTER key : [[ChromeDriver: chrome on WINDOWS (6a9cd6decd91848f881632179235b237)] -> xpath: //input[@id='hp-search-btn']]
2022-05-18 20:05:83 INFO  HomePage :69 - Sending keywords : Qa Tester to [[ChromeDriver: chrome on WINDOWS (61a3b130e87bb22d6508e4ef2bdc5066)] -> xpath: //input[@id='keywords']]
2022-05-18 20:05:147 INFO  HomePage :74 - Sending Location : Leister to [[ChromeDriver: chrome on WINDOWS (61a3b130e87bb22d6508e4ef2bdc5066)] -> xpath: //input[@id='location']]
2022-05-18 20:05:193 INFO  HomePage :79 - Selecting distance : 15 from [[ChromeDriver: chrome on WINDOWS (61a3b130e87bb22d6508e4ef2bdc5066)] -> xpath: //select[@id='distance']]
2022-05-18 20:05:265 INFO  HomePage :84 - Clicking on More options : [[ChromeDriver: chrome on WINDOWS (61a3b130e87bb22d6508e4ef2bdc5066)] -> xpath: //button[@id='toggle-hp-search']]
2022-05-18 20:05:365 INFO  HomePage :89 - Sending Min Salary : 1000 to [[ChromeDriver: chrome on WINDOWS (61a3b130e87bb22d6508e4ef2bdc5066)] -> xpath: //input[@id='salarymin']]
2022-05-18 20:05:441 INFO  HomePage :94 - Sending Max Salary : 2000 to [[ChromeDriver: chrome on WINDOWS (61a3b130e87bb22d6508e4ef2bdc5066)] -> xpath: //input[@id='salarymax']]
2022-05-18 20:05:522 INFO  HomePage :99 - Selecting Salary Types : week from [[ChromeDriver: chrome on WINDOWS (61a3b130e87bb22d6508e4ef2bdc5066)] -> xpath: //select[@id='salarytype']]
2022-05-18 20:05:594 INFO  HomePage :104 - Selecting Job Types : Temporary to [[ChromeDriver: chrome on WINDOWS (61a3b130e87bb22d6508e4ef2bdc5066)] -> xpath: //select[@id='tempperm']]
2022-05-18 20:05:668 INFO  HomePage :109 - Sending ENTER key : [[ChromeDriver: chrome on WINDOWS (61a3b130e87bb22d6508e4ef2bdc5066)] -> xpath: //input[@id='hp-search-btn']]
2022-05-18 20:05:542 INFO  HomePage :69 - Sending keywords : Cook to [[ChromeDriver: chrome on WINDOWS (1a3e84fc1e37623139c42b00bf01a59c)] -> xpath: //input[@id='keywords']]
2022-05-18 20:05:614 INFO  HomePage :74 - Sending Location : Reading to [[ChromeDriver: chrome on WINDOWS (1a3e84fc1e37623139c42b00bf01a59c)] -> xpath: //input[@id='location']]
2022-05-18 20:05:706 INFO  HomePage :79 - Selecting distance : 35 from [[ChromeDriver: chrome on WINDOWS (1a3e84fc1e37623139c42b00bf01a59c)] -> xpath: //select[@id='distance']]
2022-05-18 20:05:767 INFO  HomePage :84 - Clicking on More options : [[ChromeDriver: chrome on WINDOWS (1a3e84fc1e37623139c42b00bf01a59c)] -> xpath: //button[@id='toggle-hp-search']]
2022-05-18 20:05:975 INFO  HomePage :89 - Sending Min Salary : 30000 to [[ChromeDriver: chrome on WINDOWS (1a3e84fc1e37623139c42b00bf01a59c)] -> xpath: //input[@id='salarymin']]
2022-05-18 20:05:40 INFO  HomePage :94 - Sending Max Salary : 500000 to [[ChromeDriver: chrome on WINDOWS (1a3e84fc1e37623139c42b00bf01a59c)] -> xpath: //input[@id='salarymax']]
2022-05-18 20:05:79 INFO  HomePage :99 - Selecting Salary Types : annum from [[ChromeDriver: chrome on WINDOWS (1a3e84fc1e37623139c42b00bf01a59c)] -> xpath: //select[@id='salarytype']]
2022-05-18 20:05:153 INFO  HomePage :104 - Selecting Job Types : Apprenticeship to [[ChromeDriver: chrome on WINDOWS (1a3e84fc1e37623139c42b00bf01a59c)] -> xpath: //select[@id='tempperm']]
2022-05-18 20:05:227 INFO  HomePage :109 - Sending ENTER key : [[ChromeDriver: chrome on WINDOWS (1a3e84fc1e37623139c42b00bf01a59c)] -> xpath: //input[@id='hp-search-btn']]
2022-05-18 20:05:514 INFO  HomePage :69 - Sending keywords : Loader to [[ChromeDriver: chrome on WINDOWS (c3e074ebb283ee0c22b35cd5733c3aad)] -> xpath: //input[@id='keywords']]
2022-05-18 20:05:576 INFO  HomePage :74 - Sending Location : Brent to [[ChromeDriver: chrome on WINDOWS (c3e074ebb283ee0c22b35cd5733c3aad)] -> xpath: //input[@id='location']]
2022-05-18 20:05:654 INFO  HomePage :79 - Selecting distance : 10 from [[ChromeDriver: chrome on WINDOWS (c3e074ebb283ee0c22b35cd5733c3aad)] -> xpath: //select[@id='distance']]
2022-05-18 20:05:725 INFO  HomePage :84 - Clicking on More options : [[ChromeDriver: chrome on WINDOWS (c3e074ebb283ee0c22b35cd5733c3aad)] -> xpath: //button[@id='toggle-hp-search']]
2022-05-18 20:05:935 INFO  HomePage :89 - Sending Min Salary : 50 to [[ChromeDriver: chrome on WINDOWS (c3e074ebb283ee0c22b35cd5733c3aad)] -> xpath: //input[@id='salarymin']]
2022-05-18 20:05:00 INFO  HomePage :94 - Sending Max Salary : 100 to [[ChromeDriver: chrome on WINDOWS (c3e074ebb283ee0c22b35cd5733c3aad)] -> xpath: //input[@id='salarymax']]
2022-05-18 20:05:75 INFO  HomePage :99 - Selecting Salary Types : day from [[ChromeDriver: chrome on WINDOWS (c3e074ebb283ee0c22b35cd5733c3aad)] -> xpath: //select[@id='salarytype']]
2022-05-18 20:05:143 INFO  HomePage :104 - Selecting Job Types : Temporary to [[ChromeDriver: chrome on WINDOWS (c3e074ebb283ee0c22b35cd5733c3aad)] -> xpath: //select[@id='tempperm']]
2022-05-18 20:05:217 INFO  HomePage :109 - Sending ENTER key : [[ChromeDriver: chrome on WINDOWS (c3e074ebb283ee0c22b35cd5733c3aad)] -> xpath: //input[@id='hp-search-btn']]
2022-05-18 20:05:927 INFO  HomePage :69 - Sending keywords : Electrician to [[ChromeDriver: chrome on WINDOWS (0ac40923ac52195d46ffe5da28a2f4ee)] -> xpath: //input[@id='keywords']]
2022-05-18 20:05:992 INFO  HomePage :74 - Sending Location : newport to [[ChromeDriver: chrome on WINDOWS (0ac40923ac52195d46ffe5da28a2f4ee)] -> xpath: //input[@id='location']]
2022-05-18 20:05:66 INFO  HomePage :79 - Selecting distance : 750 from [[ChromeDriver: chrome on WINDOWS (0ac40923ac52195d46ffe5da28a2f4ee)] -> xpath: //select[@id='distance']]
2022-05-18 20:05:127 INFO  HomePage :84 - Clicking on More options : [[ChromeDriver: chrome on WINDOWS (0ac40923ac52195d46ffe5da28a2f4ee)] -> xpath: //button[@id='toggle-hp-search']]
2022-05-18 20:05:341 INFO  HomePage :89 - Sending Min Salary : 10 to [[ChromeDriver: chrome on WINDOWS (0ac40923ac52195d46ffe5da28a2f4ee)] -> xpath: //input[@id='salarymin']]
2022-05-18 20:05:408 INFO  HomePage :94 - Sending Max Salary : 15 to [[ChromeDriver: chrome on WINDOWS (0ac40923ac52195d46ffe5da28a2f4ee)] -> xpath: //input[@id='salarymax']]
2022-05-18 20:05:481 INFO  HomePage :99 - Selecting Salary Types : hour from [[ChromeDriver: chrome on WINDOWS (0ac40923ac52195d46ffe5da28a2f4ee)] -> xpath: //select[@id='salarytype']]
2022-05-18 20:05:549 INFO  HomePage :104 - Selecting Job Types : Part Time to [[ChromeDriver: chrome on WINDOWS (0ac40923ac52195d46ffe5da28a2f4ee)] -> xpath: //select[@id='tempperm']]
2022-05-18 20:05:626 INFO  HomePage :109 - Sending ENTER key : [[ChromeDriver: chrome on WINDOWS (0ac40923ac52195d46ffe5da28a2f4ee)] -> xpath: //input[@id='hp-search-btn']]
2022-05-18 20:05:213 INFO  HomePage :69 - Sending keywords : Plumber to [[ChromeDriver: chrome on WINDOWS (b1c2a300ef1629293fa9ebf976b6819e)] -> xpath: //input[@id='keywords']]
2022-05-18 20:05:281 INFO  HomePage :74 - Sending Location : Manchester to [[ChromeDriver: chrome on WINDOWS (b1c2a300ef1629293fa9ebf976b6819e)] -> xpath: //input[@id='location']]
2022-05-18 20:05:350 INFO  HomePage :79 - Selecting distance : 10 from [[ChromeDriver: chrome on WINDOWS (b1c2a300ef1629293fa9ebf976b6819e)] -> xpath: //select[@id='distance']]
2022-05-18 20:05:409 INFO  HomePage :84 - Clicking on More options : [[ChromeDriver: chrome on WINDOWS (b1c2a300ef1629293fa9ebf976b6819e)] -> xpath: //button[@id='toggle-hp-search']]
2022-05-18 20:05:599 INFO  HomePage :89 - Sending Min Salary : 25000 to [[ChromeDriver: chrome on WINDOWS (b1c2a300ef1629293fa9ebf976b6819e)] -> xpath: //input[@id='salarymin']]
2022-05-18 20:05:670 INFO  HomePage :94 - Sending Max Salary : 30000 to [[ChromeDriver: chrome on WINDOWS (b1c2a300ef1629293fa9ebf976b6819e)] -> xpath: //input[@id='salarymax']]
2022-05-18 20:05:711 INFO  HomePage :99 - Selecting Salary Types : annum from [[ChromeDriver: chrome on WINDOWS (b1c2a300ef1629293fa9ebf976b6819e)] -> xpath: //select[@id='salarytype']]
2022-05-18 20:05:780 INFO  HomePage :104 - Selecting Job Types : Permanent to [[ChromeDriver: chrome on WINDOWS (b1c2a300ef1629293fa9ebf976b6819e)] -> xpath: //select[@id='tempperm']]
2022-05-18 20:05:877 INFO  HomePage :109 - Sending ENTER key : [[ChromeDriver: chrome on WINDOWS (b1c2a300ef1629293fa9ebf976b6819e)] -> xpath: //input[@id='hp-search-btn']]
2022-05-18 20:05:633 INFO  HomePage :69 - Sending keywords : Tester to [[ChromeDriver: chrome on WINDOWS (76daafe6a32bfe1438115a8643433a15)] -> xpath: //input[@id='keywords']]
2022-05-18 20:05:695 INFO  HomePage :74 - Sending Location : Harrow to [[ChromeDriver: chrome on WINDOWS (76daafe6a32bfe1438115a8643433a15)] -> xpath: //input[@id='location']]
2022-05-18 20:05:778 INFO  HomePage :79 - Selecting distance : 5 from [[ChromeDriver: chrome on WINDOWS (76daafe6a32bfe1438115a8643433a15)] -> xpath: //select[@id='distance']]
2022-05-18 20:05:840 INFO  HomePage :84 - Clicking on More options : [[ChromeDriver: chrome on WINDOWS (76daafe6a32bfe1438115a8643433a15)] -> xpath: //button[@id='toggle-hp-search']]
2022-05-18 20:05:43 INFO  HomePage :89 - Sending Min Salary : 30000 to [[ChromeDriver: chrome on WINDOWS (76daafe6a32bfe1438115a8643433a15)] -> xpath: //input[@id='salarymin']]
2022-05-18 20:05:111 INFO  HomePage :94 - Sending Max Salary : 500000 to [[ChromeDriver: chrome on WINDOWS (76daafe6a32bfe1438115a8643433a15)] -> xpath: //input[@id='salarymax']]
2022-05-18 20:05:158 INFO  HomePage :99 - Selecting Salary Types : annum from [[ChromeDriver: chrome on WINDOWS (76daafe6a32bfe1438115a8643433a15)] -> xpath: //select[@id='salarytype']]
2022-05-18 20:05:236 INFO  HomePage :104 - Selecting Job Types : Permanent to [[ChromeDriver: chrome on WINDOWS (76daafe6a32bfe1438115a8643433a15)] -> xpath: //select[@id='tempperm']]
2022-05-18 20:05:314 INFO  HomePage :109 - Sending ENTER key : [[ChromeDriver: chrome on WINDOWS (76daafe6a32bfe1438115a8643433a15)] -> xpath: //input[@id='hp-search-btn']]
2022-05-18 20:05:666 INFO  HomePage :69 - Sending keywords : Manager to [[ChromeDriver: chrome on WINDOWS (61ebcfdaf11ea4e6adeb166d3ac2f256)] -> xpath: //input[@id='keywords']]
2022-05-18 20:05:734 INFO  HomePage :74 - Sending Location : London to [[ChromeDriver: chrome on WINDOWS (61ebcfdaf11ea4e6adeb166d3ac2f256)] -> xpath: //input[@id='location']]
2022-05-18 20:05:810 INFO  HomePage :79 - Selecting distance : 7 from [[ChromeDriver: chrome on WINDOWS (61ebcfdaf11ea4e6adeb166d3ac2f256)] -> xpath: //select[@id='distance']]
2022-05-18 20:05:880 INFO  HomePage :84 - Clicking on More options : [[ChromeDriver: chrome on WINDOWS (61ebcfdaf11ea4e6adeb166d3ac2f256)] -> xpath: //button[@id='toggle-hp-search']]
2022-05-18 20:05:99 INFO  HomePage :89 - Sending Min Salary : 3500 to [[ChromeDriver: chrome on WINDOWS (61ebcfdaf11ea4e6adeb166d3ac2f256)] -> xpath: //input[@id='salarymin']]
2022-05-18 20:05:163 INFO  HomePage :94 - Sending Max Salary : 5000 to [[ChromeDriver: chrome on WINDOWS (61ebcfdaf11ea4e6adeb166d3ac2f256)] -> xpath: //input[@id='salarymax']]
2022-05-18 20:05:238 INFO  HomePage :99 - Selecting Salary Types : month from [[ChromeDriver: chrome on WINDOWS (61ebcfdaf11ea4e6adeb166d3ac2f256)] -> xpath: //select[@id='salarytype']]
2022-05-18 20:05:311 INFO  HomePage :104 - Selecting Job Types : Contract to [[ChromeDriver: chrome on WINDOWS (61ebcfdaf11ea4e6adeb166d3ac2f256)] -> xpath: //select[@id='tempperm']]
2022-05-18 20:05:388 INFO  HomePage :109 - Sending ENTER key : [[ChromeDriver: chrome on WINDOWS (61ebcfdaf11ea4e6adeb166d3ac2f256)] -> xpath: //input[@id='hp-search-btn']]
2022-05-18 20:05:780 INFO  HomePage :69 - Sending keywords : Qa Tester to [[ChromeDriver: chrome on WINDOWS (bfb25e15ddc6bbefa8e22eae8c6c6319)] -> xpath: //input[@id='keywords']]
2022-05-18 20:05:840 INFO  HomePage :74 - Sending Location : Leister to [[ChromeDriver: chrome on WINDOWS (bfb25e15ddc6bbefa8e22eae8c6c6319)] -> xpath: //input[@id='location']]
2022-05-18 20:05:895 INFO  HomePage :79 - Selecting distance : 15 from [[ChromeDriver: chrome on WINDOWS (bfb25e15ddc6bbefa8e22eae8c6c6319)] -> xpath: //select[@id='distance']]
2022-05-18 20:05:956 INFO  HomePage :84 - Clicking on More options : [[ChromeDriver: chrome on WINDOWS (bfb25e15ddc6bbefa8e22eae8c6c6319)] -> xpath: //button[@id='toggle-hp-search']]
2022-05-18 20:05:154 INFO  HomePage :89 - Sending Min Salary : 1000 to [[ChromeDriver: chrome on WINDOWS (bfb25e15ddc6bbefa8e22eae8c6c6319)] -> xpath: //input[@id='salarymin']]
2022-05-18 20:05:220 INFO  HomePage :94 - Sending Max Salary : 2000 to [[ChromeDriver: chrome on WINDOWS (bfb25e15ddc6bbefa8e22eae8c6c6319)] -> xpath: //input[@id='salarymax']]
2022-05-18 20:05:293 INFO  HomePage :99 - Selecting Salary Types : week from [[ChromeDriver: chrome on WINDOWS (bfb25e15ddc6bbefa8e22eae8c6c6319)] -> xpath: //select[@id='salarytype']]
2022-05-18 20:05:357 INFO  HomePage :104 - Selecting Job Types : Temporary to [[ChromeDriver: chrome on WINDOWS (bfb25e15ddc6bbefa8e22eae8c6c6319)] -> xpath: //select[@id='tempperm']]
2022-05-18 20:05:427 INFO  HomePage :109 - Sending ENTER key : [[ChromeDriver: chrome on WINDOWS (bfb25e15ddc6bbefa8e22eae8c6c6319)] -> xpath: //input[@id='hp-search-btn']]
2022-05-18 20:05:45 INFO  HomePage :69 - Sending keywords : Cook to [[ChromeDriver: chrome on WINDOWS (a441bd74b1f40ad50438b13feecb95b1)] -> xpath: //input[@id='keywords']]
2022-05-18 20:05:107 INFO  HomePage :74 - Sending Location : Reading to [[ChromeDriver: chrome on WINDOWS (a441bd74b1f40ad50438b13feecb95b1)] -> xpath: //input[@id='location']]
2022-05-18 20:05:207 INFO  HomePage :79 - Selecting distance : 35 from [[ChromeDriver: chrome on WINDOWS (a441bd74b1f40ad50438b13feecb95b1)] -> xpath: //select[@id='distance']]
2022-05-18 20:05:253 INFO  HomePage :84 - Clicking on More options : [[ChromeDriver: chrome on WINDOWS (a441bd74b1f40ad50438b13feecb95b1)] -> xpath: //button[@id='toggle-hp-search']]
2022-05-18 20:05:464 INFO  HomePage :89 - Sending Min Salary : 30000 to [[ChromeDriver: chrome on WINDOWS (a441bd74b1f40ad50438b13feecb95b1)] -> xpath: //input[@id='salarymin']]
2022-05-18 20:05:535 INFO  HomePage :94 - Sending Max Salary : 500000 to [[ChromeDriver: chrome on WINDOWS (a441bd74b1f40ad50438b13feecb95b1)] -> xpath: //input[@id='salarymax']]
2022-05-18 20:05:579 INFO  HomePage :99 - Selecting Salary Types : annum from [[ChromeDriver: chrome on WINDOWS (a441bd74b1f40ad50438b13feecb95b1)] -> xpath: //select[@id='salarytype']]
2022-05-18 20:05:651 INFO  HomePage :104 - Selecting Job Types : Apprenticeship to [[ChromeDriver: chrome on WINDOWS (a441bd74b1f40ad50438b13feecb95b1)] -> xpath: //select[@id='tempperm']]
2022-05-18 20:05:722 INFO  HomePage :109 - Sending ENTER key : [[ChromeDriver: chrome on WINDOWS (a441bd74b1f40ad50438b13feecb95b1)] -> xpath: //input[@id='hp-search-btn']]
2022-05-18 20:05:973 INFO  HomePage :69 - Sending keywords : Loader to [[ChromeDriver: chrome on WINDOWS (18ad7f04b0ddedc3a297faffa8291cff)] -> xpath: //input[@id='keywords']]
2022-05-18 20:05:40 INFO  HomePage :74 - Sending Location : Brent to [[ChromeDriver: chrome on WINDOWS (18ad7f04b0ddedc3a297faffa8291cff)] -> xpath: //input[@id='location']]
2022-05-18 20:05:113 INFO  HomePage :79 - Selecting distance : 10 from [[ChromeDriver: chrome on WINDOWS (18ad7f04b0ddedc3a297faffa8291cff)] -> xpath: //select[@id='distance']]
2022-05-18 20:05:177 INFO  HomePage :84 - Clicking on More options : [[ChromeDriver: chrome on WINDOWS (18ad7f04b0ddedc3a297faffa8291cff)] -> xpath: //button[@id='toggle-hp-search']]
2022-05-18 20:05:380 INFO  HomePage :89 - Sending Min Salary : 50 to [[ChromeDriver: chrome on WINDOWS (18ad7f04b0ddedc3a297faffa8291cff)] -> xpath: //input[@id='salarymin']]
2022-05-18 20:05:442 INFO  HomePage :94 - Sending Max Salary : 100 to [[ChromeDriver: chrome on WINDOWS (18ad7f04b0ddedc3a297faffa8291cff)] -> xpath: //input[@id='salarymax']]
2022-05-18 20:05:519 INFO  HomePage :99 - Selecting Salary Types : day from [[ChromeDriver: chrome on WINDOWS (18ad7f04b0ddedc3a297faffa8291cff)] -> xpath: //select[@id='salarytype']]
2022-05-18 20:05:586 INFO  HomePage :104 - Selecting Job Types : Temporary to [[ChromeDriver: chrome on WINDOWS (18ad7f04b0ddedc3a297faffa8291cff)] -> xpath: //select[@id='tempperm']]
2022-05-18 20:05:678 INFO  HomePage :109 - Sending ENTER key : [[ChromeDriver: chrome on WINDOWS (18ad7f04b0ddedc3a297faffa8291cff)] -> xpath: //input[@id='hp-search-btn']]
2022-05-18 20:05:16 INFO  HomePage :69 - Sending keywords : Electrician to [[ChromeDriver: chrome on WINDOWS (d81f038f65b820c4d44e13b012f6905b)] -> xpath: //input[@id='keywords']]
2022-05-18 20:05:84 INFO  HomePage :74 - Sending Location : newport to [[ChromeDriver: chrome on WINDOWS (d81f038f65b820c4d44e13b012f6905b)] -> xpath: //input[@id='location']]
2022-05-18 20:05:158 INFO  HomePage :79 - Selecting distance : 750 from [[ChromeDriver: chrome on WINDOWS (d81f038f65b820c4d44e13b012f6905b)] -> xpath: //select[@id='distance']]
2022-05-18 20:05:218 INFO  HomePage :84 - Clicking on More options : [[ChromeDriver: chrome on WINDOWS (d81f038f65b820c4d44e13b012f6905b)] -> xpath: //button[@id='toggle-hp-search']]
2022-05-18 20:05:412 INFO  HomePage :89 - Sending Min Salary : 10 to [[ChromeDriver: chrome on WINDOWS (d81f038f65b820c4d44e13b012f6905b)] -> xpath: //input[@id='salarymin']]
2022-05-18 20:05:482 INFO  HomePage :94 - Sending Max Salary : 15 to [[ChromeDriver: chrome on WINDOWS (d81f038f65b820c4d44e13b012f6905b)] -> xpath: //input[@id='salarymax']]
2022-05-18 20:05:572 INFO  HomePage :99 - Selecting Salary Types : hour from [[ChromeDriver: chrome on WINDOWS (d81f038f65b820c4d44e13b012f6905b)] -> xpath: //select[@id='salarytype']]
2022-05-18 20:05:639 INFO  HomePage :104 - Selecting Job Types : Part Time to [[ChromeDriver: chrome on WINDOWS (d81f038f65b820c4d44e13b012f6905b)] -> xpath: //select[@id='tempperm']]
2022-05-18 20:05:716 INFO  HomePage :109 - Sending ENTER key : [[ChromeDriver: chrome on WINDOWS (d81f038f65b820c4d44e13b012f6905b)] -> xpath: //input[@id='hp-search-btn']]
2022-05-18 20:05:246 INFO  HomePage :69 - Sending keywords : Plumber to [[ChromeDriver: chrome on WINDOWS (d7c585ba9ed128bd592da0034ef4ae16)] -> xpath: //input[@id='keywords']]
2022-05-18 20:05:315 INFO  HomePage :74 - Sending Location : Manchester to [[ChromeDriver: chrome on WINDOWS (d7c585ba9ed128bd592da0034ef4ae16)] -> xpath: //input[@id='location']]
2022-05-18 20:05:385 INFO  HomePage :79 - Selecting distance : 10 from [[ChromeDriver: chrome on WINDOWS (d7c585ba9ed128bd592da0034ef4ae16)] -> xpath: //select[@id='distance']]
2022-05-18 20:05:444 INFO  HomePage :84 - Clicking on More options : [[ChromeDriver: chrome on WINDOWS (d7c585ba9ed128bd592da0034ef4ae16)] -> xpath: //button[@id='toggle-hp-search']]
2022-05-18 20:05:661 INFO  HomePage :89 - Sending Min Salary : 25000 to [[ChromeDriver: chrome on WINDOWS (d7c585ba9ed128bd592da0034ef4ae16)] -> xpath: //input[@id='salarymin']]
2022-05-18 20:05:732 INFO  HomePage :94 - Sending Max Salary : 30000 to [[ChromeDriver: chrome on WINDOWS (d7c585ba9ed128bd592da0034ef4ae16)] -> xpath: //input[@id='salarymax']]
2022-05-18 20:05:778 INFO  HomePage :99 - Selecting Salary Types : annum from [[ChromeDriver: chrome on WINDOWS (d7c585ba9ed128bd592da0034ef4ae16)] -> xpath: //select[@id='salarytype']]
2022-05-18 20:05:870 INFO  HomePage :104 - Selecting Job Types : Permanent to [[ChromeDriver: chrome on WINDOWS (d7c585ba9ed128bd592da0034ef4ae16)] -> xpath: //select[@id='tempperm']]
2022-05-18 20:05:946 INFO  HomePage :109 - Sending ENTER key : [[ChromeDriver: chrome on WINDOWS (d7c585ba9ed128bd592da0034ef4ae16)] -> xpath: //input[@id='hp-search-btn']]
